<?xml version="1.0" encoding="UTF-8"?>
<testng-results skipped="0" failed="0" ignored="0" total="1" passed="1">
  <reporter-output>
  </reporter-output>
  <suite name="Default suite" duration-ms="374" started-at="2021-10-23T16:20:12 CDT" finished-at="2021-10-23T16:20:12 CDT">
    <groups>
    </groups>
    <test name="Default test" duration-ms="374" started-at="2021-10-23T16:20:12 CDT" finished-at="2021-10-23T16:20:12 CDT">
      <class name="test.DictionaryTest">
        <test-method status="PASS" signature="readWordandPossiblemeaning()[pri:0, instance:test.DictionaryTest@76f2b07d]" name="readWordandPossiblemeaning" duration-ms="343" started-at="2021-10-23T16:20:12 CDT" finished-at="2021-10-23T16:20:12 CDT">
          <reporter-output>
          </reporter-output>
        </test-method> <!-- readWordandPossiblemeaning -->
      </class> <!-- test.DictionaryTest -->
    </test> <!-- Default test -->
  </suite> <!-- Default suite -->
</testng-results>
